0 info it worked if it ends with ok
1 verbose cli [ 'C:\\Program Files\\nodejs\\node.exe',
1 verbose cli   'C:\\Program Files\\nodejs\\node_modules\\npm\\bin\\npm-cli.js',
1 verbose cli   'start' ]
2 info using npm@5.6.0
3 info using node@v9.4.0
4 verbose run-script [ 'prestart', 'start', 'poststart' ]
5 info lifecycle facerecognitionbrain@0.1.0~prestart: facerecognitionbrain@0.1.0
6 info lifecycle facerecognitionbrain@0.1.0~start: facerecognitionbrain@0.1.0
7 verbose lifecycle facerecognitionbrain@0.1.0~start: unsafe-perm in lifecycle true
8 verbose lifecycle facerecognitionbrain@0.1.0~start: PATH: C:\Program Files\nodejs\node_modules\npm\node_modules\npm-lifecycle\node-gyp-bin;C:\Users\martadyersmith\Documents\facerecognitionbrain\node_modules\.bin;C:\Users\martadyersmith\bin;C:\Program Files\Git\mingw64\bin;C:\Program Files\Git\usr\local\bin;C:\Program Files\Git\usr\bin;C:\Program Files\Git\usr\bin;C:\Program Files\Git\mingw64\bin;C:\Program Files\Git\usr\bin;C:\Users\martadyersmith\bin;C:\WINDOWS\System32\Wbem;C:\WINDOWS\System32\WindowsPowerShell\v1.0;C:\Program Files (x86)\Java\jdk1.8.0_144;C:\bin;C:\Program Files\Git\cmd;C:\Program Files\nodejs;C:\HashiCorp\Vagrant\bin;C:\WINDOWS\System32\OpenSSH;C:\Program Files\PostgreSQL\10\bin;C:\php;C:\ProgramData\ComposerSetup\bin;C:\Program Files\PuTTY;C:\Users\martadyersmith\AppData\Local\Microsoft\WindowsApps;C:\Program Files\Microsoft VS Code\bin;C:\Users\martadyersmith\AppData\Roaming\npm;C:\Users\martadyersmith\AppData\Roaming\Composer\vendor\bin;C:\Program Files\Git\usr\bin\vendor_perl;C:\Program Files\Git\usr\bin\core_perl
9 verbose lifecycle facerecognitionbrain@0.1.0~start: CWD: C:\Users\martadyersmith\Documents\facerecognitionbrain
10 silly lifecycle facerecognitionbrain@0.1.0~start: Args: [ '/d /s /c', 'PORT=3001 react-scripts start' ]
11 silly lifecycle facerecognitionbrain@0.1.0~start: Returned: code: 1  signal: null
12 info lifecycle facerecognitionbrain@0.1.0~start: Failed to exec start script
13 verbose stack Error: facerecognitionbrain@0.1.0 start: `PORT=3001 react-scripts start`
13 verbose stack Exit status 1
13 verbose stack     at EventEmitter.<anonymous> (C:\Program Files\nodejs\node_modules\npm\node_modules\npm-lifecycle\index.js:285:16)
13 verbose stack     at EventEmitter.emit (events.js:160:13)
13 verbose stack     at ChildProcess.<anonymous> (C:\Program Files\nodejs\node_modules\npm\node_modules\npm-lifecycle\lib\spawn.js:55:14)
13 verbose stack     at ChildProcess.emit (events.js:160:13)
13 verbose stack     at maybeClose (internal/child_process.js:943:16)
13 verbose stack     at Process.ChildProcess._handle.onexit (internal/child_process.js:220:5)
14 verbose pkgid facerecognitionbrain@0.1.0
15 verbose cwd C:\Users\martadyersmith\Documents\facerecognitionbrain
16 verbose Windows_NT 10.0.17134
17 verbose argv "C:\\Program Files\\nodejs\\node.exe" "C:\\Program Files\\nodejs\\node_modules\\npm\\bin\\npm-cli.js" "start"
18 verbose node v9.4.0
19 verbose npm  v5.6.0
20 error code ELIFECYCLE
21 error errno 1
22 error facerecognitionbrain@0.1.0 start: `PORT=3001 react-scripts start`
22 error Exit status 1
23 error Failed at the facerecognitionbrain@0.1.0 start script.
23 error This is probably not a problem with npm. There is likely additional logging output above.
24 verbose exit [ 1, true ]
